{"name":"verifyLoginPageTitleTest","status":"skipped","statusDetails":{"known":false,"muted":false,"flaky":false,"message":"Expected condition failed: waiting for presence of element located by: By.id: nav-primary-contacts-branch (tried for 10 second(s) with 500 milliseconds interval)","trace":"org.openqa.selenium.TimeoutException: Expected condition failed: waiting for presence of element located by: By.id: nav-primary-contacts-branch (tried for 10 second(s) with 500 milliseconds interval)\r\n\tat org.openqa.selenium.support.ui.WebDriverWait.timeoutException(WebDriverWait.java:95)\r\n\tat org.openqa.selenium.support.ui.FluentWait.until(FluentWait.java:272)\r\n\tat com.qa.hubspot.utils.ElementUtil.waitForElementToBePresent(ElementUtil.java:163)\r\n\tat com.qa.hubspot.pages.HomePage.clickOnContacts(HomePage.java:59)\r\n\tat com.qa.hubspot.pages.HomePage.goToContactsPage(HomePage.java:54)\r\n\tat com.qa.hubspot.tests.ContactsPageTest.setUp(ContactsPageTest.java:36)\r\n\tat sun.reflect.NativeMethodAccessorImpl.invoke0(Native Method)\r\n\tat sun.reflect.NativeMethodAccessorImpl.invoke(Unknown Source)\r\n\tat sun.reflect.DelegatingMethodAccessorImpl.invoke(Unknown Source)\r\n\tat java.lang.reflect.Method.invoke(Unknown Source)\r\n\tat org.testng.internal.MethodInvocationHelper.invokeMethod(MethodInvocationHelper.java:135)\r\n\tat org.testng.internal.MethodInvocationHelper.invokeMethodConsideringTimeout(MethodInvocationHelper.java:64)\r\n\tat org.testng.internal.ConfigInvoker.invokeConfigurationMethod(ConfigInvoker.java:364)\r\n\tat org.testng.internal.ConfigInvoker.invokeConfigurations(ConfigInvoker.java:318)\r\n\tat org.testng.TestRunner.invokeTestConfigurations(TestRunner.java:620)\r\n\tat org.testng.TestRunner.beforeRun(TestRunner.java:610)\r\n\tat org.testng.TestRunner.run(TestRunner.java:581)\r\n\tat org.testng.SuiteRunner.runTest(SuiteRunner.java:384)\r\n\tat org.testng.SuiteRunner.runSequentially(SuiteRunner.java:378)\r\n\tat org.testng.SuiteRunner.privateRun(SuiteRunner.java:337)\r\n\tat org.testng.SuiteRunner.run(SuiteRunner.java:286)\r\n\tat org.testng.SuiteRunnerWorker.runSuite(SuiteRunnerWorker.java:53)\r\n\tat org.testng.SuiteRunnerWorker.run(SuiteRunnerWorker.java:96)\r\n\tat org.testng.TestNG.runSuitesSequentially(TestNG.java:1214)\r\n\tat org.testng.TestNG.runSuitesLocally(TestNG.java:1136)\r\n\tat org.testng.TestNG.runSuites(TestNG.java:1066)\r\n\tat org.testng.TestNG.run(TestNG.java:1034)\r\n\tat org.testng.remote.AbstractRemoteTestNG.run(AbstractRemoteTestNG.java:115)\r\n\tat org.testng.remote.RemoteTestNG.initAndRun(RemoteTestNG.java:251)\r\n\tat org.testng.remote.RemoteTestNG.main(RemoteTestNG.java:77)\r\nCaused by: org.openqa.selenium.NoSuchElementException: Cannot locate an element using id=nav-primary-contacts-branch\nFor documentation on this error, please visit: https://www.seleniumhq.org/exceptions/no_such_element.html\nBuild info: version: '3.141.59', revision: 'e82be7d358', time: '2018-11-14T08:17:03'\nSystem info: host: 'DESKTOP-431RUTU', ip: '192.168.43.170', os.name: 'Windows 10', os.arch: 'amd64', os.version: '10.0', java.version: '1.8.0_251'\nDriver info: driver.version: RemoteWebDriver\r\n\tat org.openqa.selenium.remote.RemoteWebDriver.findElement(RemoteWebDriver.java:327)\r\n\tat org.openqa.selenium.remote.RemoteWebDriver.findElementById(RemoteWebDriver.java:372)\r\n\tat org.openqa.selenium.By$ById.findElement(By.java:188)\r\n\tat org.openqa.selenium.remote.RemoteWebDriver.findElement(RemoteWebDriver.java:315)\r\n\tat org.openqa.selenium.support.ui.ExpectedConditions$6.apply(ExpectedConditions.java:182)\r\n\tat org.openqa.selenium.support.ui.ExpectedConditions$6.apply(ExpectedConditions.java:179)\r\n\tat org.openqa.selenium.support.ui.FluentWait.until(FluentWait.java:249)\r\n\t... 28 more\r\n"},"stage":"finished","description":"verify Login Page Title Test....","steps":[],"attachments":[],"parameters":[{"name":"browser","value":"firefox"}],"start":1594968053268,"stop":1594968053293,"uuid":"cc068478-ae89-4ca3-9e02-35ae77303339","historyId":"90585cecc2276cd2879111d30d06e830","fullName":"com.qa.hubspot.tests.LoginPageTest.verifyLoginPageTitleTest","labels":[{"name":"package","value":"com.qa.hubspot.tests.LoginPageTest"},{"name":"testClass","value":"com.qa.hubspot.tests.LoginPageTest"},{"name":"testMethod","value":"verifyLoginPageTitleTest"},{"name":"parentSuite","value":"Hubspot App Regression Test Suite"},{"name":"suite","value":"Hub Spot Functional Regression Test - FF"},{"name":"subSuite","value":"com.qa.hubspot.tests.LoginPageTest"},{"name":"host","value":"DESKTOP-431RUTU"},{"name":"thread","value":"12836@DESKTOP-431RUTU.TestNG-test=Hub Spot Functional Regression Test - FF-3(21)"},{"name":"framework","value":"testng"},{"name":"language","value":"java"},{"name":"epic","value":"Epic - 101 : design login feature"},{"name":"feature","value":"US - 105 : design test cases for login page feature"},{"name":"severity","value":"normal"}],"links":[]}